# JRE version: Java(TM) SE Runtime Environment (8.0_45-b14) (build 1.8.0_45-b14)
# Java VM: Java HotSpot(TM) 64-Bit Server VM (25.45-b02 mixed mode windows-amd64 compressed oops)
Heap:
 PSYoungGen      total 208384K, used 154065K [0x000000071a180000, 0x0000000728200000, 0x00000007c0000000)
  eden space 187392K, 82% used [0x000000071a180000,0x00000007237f4670,0x0000000725880000)
  from space 20992K, 0% used [0x0000000726d80000,0x0000000726d80000,0x0000000728200000)
  to   space 20992K, 0% used [0x0000000725900000,0x0000000725900000,0x0000000726d80000)
 ParOldGen       total 338944K, used 27138K [0x00000005ce400000, 0x00000005e2f00000, 0x000000071a180000)
  object space 338944K, 8% used [0x00000005ce400000,0x00000005cfe80b08,0x00000005e2f00000)
 Metaspace       used 46014K, capacity 48816K, committed 49192K, reserved 1091584K
  class space    used 5876K, capacity 6391K, committed 6448K, reserved 1048576K
GC Heap History (10 events):
Event: 1.048 GC heap before
{Heap before GC invocations=2 (full 0):
 PSYoungGen      total 148992K, used 77603K [0x000000071a180000, 0x0000000724780000, 0x00000007c0000000)
  eden space 128000K, 51% used [0x000000071a180000,0x000000071e243020,0x0000000721e80000)
  from space 20992K, 53% used [0x0000000721e80000,0x0000000722985be0,0x0000000723300000)
  to   space 20992K, 0% used [0x0000000723300000,0x0000000723300000,0x0000000724780000)
 ParOldGen       total 339968K, used 24K [0x00000005ce400000, 0x00000005e3000000, 0x000000071a180000)
  object space 339968K, 0% used [0x00000005ce400000,0x00000005ce406000,0x00000005e3000000)
 Metaspace       used 20267K, capacity 21250K, committed 21296K, reserved 1067008K
  class space    used 2627K, capacity 2857K, committed 2864K, reserved 1048576K
Event: 1.052 GC heap after
Heap after GC invocations=2 (full 0):
 PSYoungGen      total 148992K, used 10326K [0x000000071a180000, 0x000000072c480000, 0x00000007c0000000)
  eden space 128000K, 0% used [0x000000071a180000,0x000000071a180000,0x0000000721e80000)
  from space 20992K, 49% used [0x0000000723300000,0x0000000723d15b68,0x0000000724780000)
  to   space 20992K, 0% used [0x0000000721e80000,0x0000000721e80000,0x0000000723300000)
 ParOldGen       total 339968K, used 40K [0x00000005ce400000, 0x00000005e3000000, 0x000000071a180000)
  object space 339968K, 0% used [0x00000005ce400000,0x00000005ce40a000,0x00000005e3000000)
 Metaspace       used 20267K, capacity 21250K, committed 21296K, reserved 1067008K
  class space    used 2627K, capacity 2857K, committed 2864K, reserved 1048576K
}
Event: 1.052 GC heap before
{Heap before GC invocations=3 (full 1):
 PSYoungGen      total 148992K, used 10326K [0x000000071a180000, 0x000000072c480000, 0x00000007c0000000)
  eden space 128000K, 0% used [0x000000071a180000,0x000000071a180000,0x0000000721e80000)
  from space 20992K, 49% used [0x0000000723300000,0x0000000723d15b68,0x0000000724780000)
  to   space 20992K, 0% used [0x0000000721e80000,0x0000000721e80000,0x0000000723300000)
 ParOldGen       total 339968K, used 40K [0x00000005ce400000, 0x00000005e3000000, 0x000000071a180000)
  object space 339968K, 0% used [0x00000005ce400000,0x00000005ce40a000,0x00000005e3000000)
 Metaspace       used 20267K, capacity 21250K, committed 21296K, reserved 1067008K
  class space    used 2627K, capacity 2857K, committed 2864K, reserved 1048576K
Event: 1.064 GC heap after
Heap after GC invocations=3 (full 1):
 PSYoungGen      total 148992K, used 0K [0x000000071a180000, 0x000000072c480000, 0x00000007c0000000)
  eden space 128000K, 0% used [0x000000071a180000,0x000000071a180000,0x0000000721e80000)
  from space 20992K, 0% used [0x0000000723300000,0x0000000723300000,0x0000000724780000)
  to   space 20992K, 0% used [0x0000000721e80000,0x0000000721e80000,0x0000000723300000)
 ParOldGen       total 198144K, used 9839K [0x00000005ce400000, 0x00000005da580000, 0x000000071a180000)
  object space 198144K, 4% used [0x00000005ce400000,0x00000005ced9bce0,0x00000005da580000)
 Metaspace       used 20267K, capacity 21250K, committed 21296K, reserved 1067008K
  class space    used 2627K, capacity 2857K, committed 2864K, reserved 1048576K
}
Event: 1.753 GC heap before
{Heap before GC invocations=4 (full 1):
 PSYoungGen      total 148992K, used 128000K [0x000000071a180000, 0x000000072c480000, 0x00000007c0000000)
  eden space 128000K, 100% used [0x000000071a180000,0x0000000721e80000,0x0000000721e80000)
  from space 20992K, 0% used [0x0000000723300000,0x0000000723300000,0x0000000724780000)
  to   space 20992K, 0% used [0x0000000721e80000,0x0000000721e80000,0x0000000723300000)
 ParOldGen       total 198144K, used 9839K [0x00000005ce400000, 0x00000005da580000, 0x000000071a180000)
  object space 198144K, 4% used [0x00000005ce400000,0x00000005ced9bce0,0x00000005da580000)
 Metaspace       used 26998K, capacity 28842K, committed 29104K, reserved 1075200K
  class space    used 3610K, capacity 3971K, committed 4016K, reserved 1048576K
Event: 1.755 GC heap after
Heap after GC invocations=4 (full 1):
 PSYoungGen      total 148992K, used 9892K [0x000000071a180000, 0x0000000728200000, 0x00000007c0000000)
  eden space 128000K, 0% used [0x000000071a180000,0x000000071a180000,0x0000000721e80000)
  from space 20992K, 47% used [0x0000000721e80000,0x0000000722829208,0x0000000723300000)
  to   space 20992K, 0% used [0x0000000726d80000,0x0000000726d80000,0x0000000728200000)
 ParOldGen       total 198144K, used 9847K [0x00000005ce400000, 0x00000005da580000, 0x000000071a180000)
  object space 198144K, 4% used [0x00000005ce400000,0x00000005ced9dce0,0x00000005da580000)
 Metaspace       used 26998K, capacity 28842K, committed 29104K, reserved 1075200K
  class space    used 3610K, capacity 3971K, committed 4016K, reserved 1048576K
}
Event: 2.474 GC heap before
{Heap before GC invocations=5 (full 1):
 PSYoungGen      total 148992K, used 135383K [0x000000071a180000, 0x0000000728200000, 0x00000007c0000000)
  eden space 128000K, 98% used [0x000000071a180000,0x0000000721c0cd80,0x0000000721e80000)
  from space 20992K, 47% used [0x0000000721e80000,0x0000000722829208,0x0000000723300000)
  to   space 20992K, 0% used [0x0000000726d80000,0x0000000726d80000,0x0000000728200000)
 ParOldGen       total 198144K, used 9847K [0x00000005ce400000, 0x00000005da580000, 0x000000071a180000)
  object space 198144K, 4% used [0x00000005ce400000,0x00000005ced9dce0,0x00000005da580000)
 Metaspace       used 33433K, capacity 35438K, committed 35496K, reserved 1079296K
  class space    used 4341K, capacity 4741K, committed 4784K, reserved 1048576K
Event: 2.481 GC heap after
Heap after GC invocations=5 (full 1):
 PSYoungGen      total 208384K, used 20986K [0x000000071a180000, 0x0000000728200000, 0x00000007c0000000)
  eden space 187392K, 0% used [0x000000071a180000,0x000000071a180000,0x0000000725880000)
  from space 20992K, 99% used [0x0000000726d80000,0x00000007281feb80,0x0000000728200000)
  to   space 20992K, 0% used [0x0000000725900000,0x0000000725900000,0x0000000726d80000)
 ParOldGen       total 198144K, used 11169K [0x00000005ce400000, 0x00000005da580000, 0x000000071a180000)
  object space 198144K, 5% used [0x00000005ce400000,0x00000005ceee87f0,0x00000005da580000)
 Metaspace       used 33433K, capacity 35438K, committed 35496K, reserved 1079296K
  class space    used 4341K, capacity 4741K, committed 4784K, reserved 1048576K
}
Event: 2.481 GC heap before
{Heap before GC invocations=6 (full 2):
 PSYoungGen      total 208384K, used 20986K [0x000000071a180000, 0x0000000728200000, 0x00000007c0000000)
  eden space 187392K, 0% used [0x000000071a180000,0x000000071a180000,0x0000000725880000)
  from space 20992K, 99% used [0x0000000726d80000,0x00000007281feb80,0x0000000728200000)
  to   space 20992K, 0% used [0x0000000725900000,0x0000000725900000,0x0000000726d80000)
 ParOldGen       total 198144K, used 11169K [0x00000005ce400000, 0x00000005da580000, 0x000000071a180000)
  object space 198144K, 5% used [0x00000005ce400000,0x00000005ceee87f0,0x00000005da580000)
 Metaspace       used 33433K, capacity 35438K, committed 35496K, reserved 1079296K
  class space    used 4341K, capacity 4741K, committed 4784K, reserved 1048576K
Event: 2.518 GC heap after
Heap after GC invocations=6 (full 2):
 PSYoungGen      total 208384K, used 0K [0x000000071a180000, 0x0000000728200000, 0x00000007c0000000)
  eden space 187392K, 0% used [0x000000071a180000,0x000000071a180000,0x0000000725880000)
  from space 20992K, 0% used [0x0000000726d80000,0x0000000726d80000,0x0000000728200000)
  to   space 20992K, 0% used [0x0000000725900000,0x0000000725900000,0x0000000726d80000)
 ParOldGen       total 338944K, used 27138K [0x00000005ce400000, 0x00000005e2f00000, 0x000000071a180000)
  object space 338944K, 8% used [0x00000005ce400000,0x00000005cfe80b08,0x00000005e2f00000)
 Metaspace       used 33433K, capacity 35438K, committed 35496K, reserved 1079296K
  class space    used 4341K, capacity 4741K, committed 4784K, reserved 1048576K
}

